[debug] [2018-10-14T06:00:45.754Z] ----------------------------------------------------------------------
[debug] [2018-10-14T06:00:45.756Z] Command:       /usr/local/bin/node /usr/local/bin/firebase deploy
[debug] [2018-10-14T06:00:45.756Z] CLI Version:   4.2.1
[debug] [2018-10-14T06:00:45.756Z] Platform:      darwin
[debug] [2018-10-14T06:00:45.756Z] Node Version:  v10.8.0
[debug] [2018-10-14T06:00:45.757Z] Time:          Sun Oct 14 2018 02:00:45 GMT-0400 (Eastern Daylight Time)
[debug] [2018-10-14T06:00:45.757Z] ----------------------------------------------------------------------
[debug] 
[debug] [2018-10-14T06:00:45.774Z] > command requires scopes: ["email","openid","https://www.googleapis.com/auth/cloudplatformprojects.readonly","https://www.googleapis.com/auth/firebase","https://www.googleapis.com/auth/cloud-platform"]
[debug] [2018-10-14T06:00:45.774Z] > authorizing via signed-in user
[debug] [2018-10-14T06:00:45.776Z] > refreshing access token with scopes: ["email","https://www.googleapis.com/auth/cloud-platform","https://www.googleapis.com/auth/cloudplatformprojects.readonly","https://www.googleapis.com/auth/firebase","openid"]
[debug] [2018-10-14T06:00:45.776Z] >>> HTTP REQUEST POST https://www.googleapis.com/oauth2/v3/token  

[debug] [2018-10-14T06:00:46.272Z] <<< HTTP RESPONSE 200
[debug] [2018-10-14T06:00:46.287Z] >>> HTTP REQUEST GET https://admin.firebase.com/v1/projects/pharmr-2018  
 
[debug] [2018-10-14T06:00:46.717Z] <<< HTTP RESPONSE 200
[info] 
[info] === Deploying to 'pharmr-2018'...
[info] 
[info] i  deploying functions, hosting
[debug] [2018-10-14T06:00:48.362Z] > [functions] package.json contents: {
  "name": "functions",
  "description": "Cloud Functions for Firebase",
  "scripts": {
    "serve": "firebase serve --only functions",
    "shell": "firebase functions:shell",
    "start": "npm run shell",
    "deploy": "firebase deploy --only functions",
    "logs": "firebase functions:log"
  },
  "dependencies": {
    "firebase-admin": "~6.0.0",
    "firebase-functions": "^2.0.3"
  },
  "private": true
}
[info] i  functions: ensuring necessary APIs are enabled...
[debug] [2018-10-14T06:00:48.363Z] >>> HTTP REQUEST GET https://servicemanagement.googleapis.com/v1/services/cloudfunctions.googleapis.com/projectSettings/pharmr-2018?view=CONSUMER_VIEW  
 
[debug] [2018-10-14T06:00:48.364Z] >>> HTTP REQUEST GET https://servicemanagement.googleapis.com/v1/services/runtimeconfig.googleapis.com/projectSettings/pharmr-2018?view=CONSUMER_VIEW  
 
[debug] [2018-10-14T06:00:50.060Z] <<< HTTP RESPONSE 200
[debug] [2018-10-14T06:00:50.259Z] <<< HTTP RESPONSE 200
[info] ✔  functions: all necessary APIs are enabled
[debug] [2018-10-14T06:00:50.260Z] >>> HTTP REQUEST GET https://cloudresourcemanager.googleapis.com/v1/projects/pharmr-2018  
 
[debug] [2018-10-14T06:00:51.411Z] <<< HTTP RESPONSE 200
[debug] [2018-10-14T06:00:51.411Z] >>> HTTP REQUEST GET https://mobilesdk-pa.googleapis.com/v1/projects/272732475580:getServerAppConfig  
 
[debug] [2018-10-14T06:00:52.027Z] <<< HTTP RESPONSE 200
[debug] [2018-10-14T06:00:52.029Z] >>> HTTP REQUEST POST https://firebasehosting.googleapis.com/v1beta1/sites/pharmr-2018/versions  

[debug] [2018-10-14T06:00:54.056Z] <<< HTTP RESPONSE 200
[info] i  functions: preparing functions directory for uploading...
[debug] [2018-10-14T06:00:54.057Z] >>> HTTP REQUEST GET https://runtimeconfig.googleapis.com/v1beta1/projects/pharmr-2018/configs  
 
